This is pdfTeXk, Version 3.141592-1.40.3 (Web2C 7.5.6) (format=pdfetex 2010.12.30)  3 MAR 2011 00:00
entering extended mode
 file:line:error style messages enabled.
 %&-line parsing enabled.
**./org.texi
(./org.texi (./texinfo.tex Loading texinfo [version 2008-04-18.10]:
\bindingoffset=\dimen16
\normaloffset=\dimen17
\pagewidth=\dimen18
\pageheight=\dimen19
\outerhsize=\dimen20
\outervsize=\dimen21
\cornerlong=\dimen22
\cornerthick=\dimen23
\topandbottommargin=\dimen24
\headlinebox=\box16
\footlinebox=\box17
\margin=\insert252
\EMsimple=\toks13
\groupbox=\box18
\groupinvalidhelp=\toks14
\mil=\dimen25
\exdentamount=\skip18
\inmarginspacing=\skip19
 pdf,
\tempnum=\count27
\lnkcount=\count28
\filename=\toks15
\filenamelength=\count29
\pgn=\count30
\toksA=\toks16
\toksB=\toks17
\toksC=\toks18
\toksD=\toks19
\boxA=\box19
\countA=\count31
\nopdfimagehelp=\toks20

fonts,
\sffam=\fam8
\textleading=\dimen26
\fontdepth=\count32
 page headings,
\titlepagetopglue=\skip20
\titlepagebottomglue=\skip21
\evenheadline=\toks21
\oddheadline=\toks22
\evenfootline=\toks23
\oddfootline=\toks24
 tables,
\tableindent=\dimen27
\itemindent=\dimen28
\itemmargin=\dimen29
\itemmax=\dimen30
\itemno=\count33
\multitableparskip=\skip22
\multitableparindent=\skip23
\multitablecolspace=\dimen31
\multitablelinespace=\skip24
\colcount=\count34
\everytab=\toks25
 conditionals,
\doignorecount=\count35
 indexing,
\whatsitskip=\skip25
\whatsitpenalty=\count36
\secondaryindent=\skip26
\partialpage=\box20
\doublecolumnhsize=\dimen32
 sectioning,
\unnumberedno=\count37
\chapno=\count38
\secno=\count39
\subsecno=\count40
\subsubsecno=\count41
\appendixno=\count42
\absseclevel=\count43
\secbase=\count44
\chapheadingskip=\skip27
\secheadingskip=\skip28
\subsecheadingskip=\skip29
 toc,
\tocfile=\write0
\contentsrightmargin=\skip30
\savepageno=\count45
\lastnegativepageno=\count46
\tocindent=\dimen33

environments,
\errorbox=\box21
\lispnarrowing=\skip31
\envskipamount=\skip32
\circthick=\dimen34
\cartouter=\dimen35
\cartinner=\dimen36
\normbskip=\skip33
\normpskip=\skip34
\normlskip=\skip35
\lskip=\skip36
\rskip=\skip37
\tabw=\dimen37
 defuns,
\defbodyindent=\skip38
\defargsindent=\skip39
\deflastargmargin=\skip40
\defunpenalty=\count47
\parencount=\count48
\brackcount=\count49
 macros,
\paramno=\count50
\macname=\toks26
 cross references,
\auxfile=\write1
\savesfregister=\count51
 insertions,
\footnoteno=\count52
\SAVEfootins=\box22
\SAVEmargin=\box23

(/usr/share/texmf-texlive/tex/generic/epsf/epsf.tex
This is `epsf.tex' v2.7.3 <23 July 2005>
\epsffilein=\read1
\epsfframemargin=\dimen38
\epsfframethickness=\dimen39
\epsfrsize=\dimen40
\epsftmp=\dimen41
\epsftsize=\dimen42
\epsfxsize=\dimen43
\epsfysize=\dimen44
\pspoints=\dimen45
)
\noepsfhelp=\toks27
 localization,
\nolanghelp=\toks28
\countUTFx=\count53
\countUTFy=\count54
\countUTFz=\count55
 formatting,
\defaultparindent=\dimen46
 and turning on texinfo input format.) (./org.aux)
\openout1 = `org.aux'.

@cpindfile=@write2
@fnindfile=@write3
@vrindfile=@write4
@tpindfile=@write5
@kyindfile=@write6
@pgindfile=@write7

[1
\openout2 = `org.cp'.

\openout3 = `org.fn'.

\openout4 = `org.vr'.

\openout5 = `org.tp'.

\openout6 = `org.ky'.

\openout7 = `org.pg'.

{/var/lib/texmf/fonts/map/pdftex/updmap/pdftex.map}] [2] (./org.toc [-1]
[-2] [-3] [-4] [-5] [-6]) [-7] (./org.toc) (./org.toc) Chapter 1
\openout0 = `org.toc'.

 [1] [2]
Underfull \hbox (badness 6961) in paragraph at lines 899--904
[]@textrm The four Org com-mands @texttt org-store-link[]@textrm , @texttt org-
capture[]@textrm , @texttt org-agenda[]@textrm , and

@hbox(7.60416+2.43333)x433.62, glue set 4.11597
.@hbox(0.0+0.0)x15.0
.@textrm T
.@textrm h
.@textrm e
.@glue 3.65 plus 1.825 minus 1.21666
.etc.

[3] Chapter 2 [4] [5] [6] [7] [8] [9] [10] [11] [12] [13] [14] [15] Chapter 3
[16] [17] [18] [19] [20] [21] [22] [23] [24] [25] [26]
Underfull \hbox (badness 2035) in paragraph at lines 2624--5
 @textttsl C-c @texttt {[]@textrm Toggle the for-mula de-bug-ger on and off (@t
exttt org-table-toggle-formula-

@hbox(8.2125+2.73749)x433.62, glue set 2.7339
.@glue(@leftskip) 57.81621
.@penalty 10000
.@kern -57.81621
.@textttsl C
.@textttsl -
.etc.

[27] [28]
Overfull \hbox (26.43913pt too wide) in paragraph at lines 2764--2764
 []@texttt #+TBLFM: $6=vsum($P1..$P3)::$7=10*$Tot/$max;%.1f::$at=vmean(@-II..@-
I);%.1f[] 

@hbox(7.60416+1.52081)x433.62
.@glue(@leftskip) 28.90755
.@hbox(0.0+0.0)x0.0
.@texttt #
.@texttt +
.@texttt T
.etc.

[29]
Underfull \hbox (badness 10000) in paragraph at lines 2839--2844
[]@textrm Org-Plot can pro-duce 2D and 3D graphs of in-for-ma-tion stored in or
g

@hbox(7.60416+2.12917)x433.62, glue set 5.06303
.@hbox(0.0+0.0)x15.0
.@kern -15.0
.@textrm O
.@textrm r
.@textrm g
.etc.


Underfull \hbox (badness 10000) in paragraph at lines 2839--2844
@textrm ta-bles us-ing `@texttt Gnuplot[]@textrm '[] [][]@texttt http://www.gnu
plot.info/[][][] @textrm and `@texttt gnuplot-mode[]@textrm '[]

@hbox(7.60416+2.43333)x433.62, glue set 9.3503
.@textrm t
.@textrm a
.@discretionary
..@textrm -
.@textrm b
.@textrm l
.etc.


Underfull \hbox (badness 10000) in paragraph at lines 2839--2844
[][]@texttt http://cars9.uchicago.edu/~ravel/software/gnuplot-mode.html[][][]@t
extrm . To see

@hbox(7.60416+2.43333)x433.62, glue set 7.72134
.@pdfliteral{0.28 1 1 0.35 k}
.@pdflink(*+*)x* attr{/Border [0 0 0]} action user{/Subtype /Link /A << /S /URI
 /URI (http://cars9.uchicago.edu/~ravel/s@ETC.}


Overfull \hbox (43.6852pt too wide) in paragraph at lines 2847--2847
 []@texttt #+PLOT: title:"Citas" ind:1 deps:(3) type:2d with:histograms set:"yr
ange [0:]"[] 

@hbox(7.60416+2.43333)x433.62
.@glue(@leftskip) 28.90755
.@hbox(0.0+0.0)x0.0
.@texttt #
.@texttt +
.@texttt P
.etc.

[30] Chapter 4 [31] [32]
Overfull \hbox (23.79517pt too wide) in paragraph at lines 3073--3073
 []@texttt docview:papers/last.pdf::NNN              @textrm open file in doc-v
iew mode at page NNN[] 

@hbox(7.60416+2.43333)x433.62, glue set - 1.0
.@glue(@leftskip) 28.90755
.@hbox(0.0+0.0)x0.0
.@texttt d
.@texttt o
.@texttt c
.etc.

[33] [34] [35] [36]
Overfull \hbox (34.70744pt too wide) in paragraph at lines 3348--3348
 []    @smalltt ("ads"      . "http://adsabs.harvard.edu/cgi-bin/nph-abs_connec
t?author=%s&db_key=AST")))[] 

@hbox(6.25+2.0)x433.62
.@glue(@leftskip) 28.90755
.@hbox(0.0+0.0)x0.0
.@penalty 10000
.@glue 4.72495
.@penalty 10000
.etc.

[37] [38] Chapter 5 [39] [40] [41] [42] [43]
Underfull \hbox (badness 3019) in paragraph at lines 3837--3841
@textrm [Check-boxes], page 49[][]). If you set the vari-able @texttt org-enfor
ce-todo-checkbox-

@hbox(8.2125+2.73749)x433.62, glue set 3.11716
.@textrm [
.@textrm C
.@textrm h
.@textrm e
.@textrm c
.etc.

[44] [45] [46] [47] [48]
Overfull \hbox (14.94176pt too wide) in paragraph at lines 4182--4182
 []  @texttt "Switch entry to DONE when all subentries are done, to TODO otherw
ise."[] 

@hbox(6.69167+2.43333)x433.62
.@glue(@leftskip) 28.90755
.@hbox(0.0+0.0)x0.0
.@penalty 10000
.@glue 5.74869
.@penalty 10000
.etc.

[49] [50] Chapter 6 [51] [52] [53] [54] Chapter 7 [55] [56] [57] [58] [59]
[60] [61] [62] Chapter 8 [63] [64] [65] [66] [67] [68] [69] [70] [71] [72]
[73] [74] [75]
Overfull \hbox (20.69044pt too wide) in paragraph at lines 6000--6000
 []@texttt #+PROPERTY: Effort_ALL 0 0:10 0:30 1:00 2:00 3:00 4:00 5:00 6:00 7:0
0 8:00[] 

@hbox(6.69167+1.04173)x433.62
.@glue(@leftskip) 28.90755
.@hbox(0.0+0.0)x0.0
.@texttt #
.@texttt +
.@texttt P
.etc.

[76] Chapter 9 [77]
Underfull \hbox (badness 5490) in paragraph at lines 6110--6115
[]@textrm Org's method for cap-tur-ing new items is heav-ily in-spired by John 
Wieg-ley

@hbox(7.60416+2.12917)x433.62, glue set 3.8015
.@hbox(0.0+0.0)x15.0
.@kern -15.0
.@textrm O
.@textrm r
.@textrm g
.etc.

[78] [79] [80] [81] [82] [83] [84] [85] [86] Chapter 10 [87] [88] [89] [90]
[91] [92] [93] [94] [95] [96] [97] [98] [99] [100] [101]
Overfull \hbox (15.27109pt too wide) in paragraph at lines 7824--7824
 []                             @texttt "-c1" "-q" "-t1" "mail.gnu.org")))[] 

@hbox(7.60416+2.43333)x433.62
.@glue(@leftskip) 86.72375
.@hbox(0.0+0.0)x0.0
.@penalty 10000
.@glue 5.74869
.@penalty 10000
.etc.


Overfull \hbox (49.76321pt too wide) in paragraph at lines 7830--7830
 []@texttt (setq org-agenda-auto-exclude-function ^^Morg-my-auto-exclude-functi
on)[] 

@hbox(7.60416+2.43333)x433.62
.@glue(@leftskip) 86.72375
.@hbox(0.0+0.0)x0.0
.@texttt (
.@texttt s
.@texttt e
.etc.

[102] [103] [104] [105] [106] [107] [108] [109] [110] [111] Chapter 11 [112]
[113] [114] [115]
Overfull \hbox (26.43913pt too wide) in paragraph at lines 8830--8830
 []@texttt In line [[(sc)]] we remember the current position.  [[(jump)][Line (
jump)]][] 

@hbox(7.60416+2.43333)x433.62
.@glue(@leftskip) 28.90755
.@hbox(0.0+0.0)x0.0
.@texttt I
.@texttt n
.@penalty 10000
.etc.

[116] [117] [118] [119] [120] Chapter 12 [121]
Overfull \hbox (14.94176pt too wide) in paragraph at lines 9314--9314
 []@texttt #+LANGUAGE:    lan-guage for HTML, e.g. `en[]'[] (org-export-default
-language[])[] 

@hbox(7.60416+2.43333)x433.62
.@glue(@leftskip) 28.90755
.@hbox(0.0+0.0)x0.0
.@texttt #
.@texttt +
.@texttt L
.etc.

[122]
Overfull \hbox (26.43913pt too wide) in paragraph at lines 9318--9318
 []@texttt #+BIND:        lisp-var lisp-val, e.g.: org-export-latex-low-levels 
itemize[] 

@hbox(6.69167+2.43333)x433.62
.@glue(@leftskip) 28.90755
.@hbox(0.0+0.0)x0.0
.@texttt #
.@texttt +
.@texttt B
.etc.


Overfull \hbox (13.54514pt too wide) in paragraph at lines 9319--9319
 []               @textrm You need to con-firm us-ing these, or con-fig-ure @te
xttt org-export-allow-BIND[][] 

@hbox(7.60416+2.43333)x433.62, glue set - 1.0
.@glue(@leftskip) 28.90755
.@hbox(0.0+0.0)x0.0
.@penalty 10000
.@glue 5.74869
.@penalty 10000
.etc.


Overfull \hbox (14.94176pt too wide) in paragraph at lines 9322--9322
 []@texttt #+LATEX_HEADER: extra line(s) for the LaTeX header, like \usepackage
{xyz}[] 

@hbox(7.60416+2.43333)x433.62
.@glue(@leftskip) 28.90755
.@hbox(0.0+0.0)x0.0
.@texttt #
.@texttt +
.@texttt L
.etc.


Overfull \hbox (49.43388pt too wide) in paragraph at lines 9325--9325
 []@texttt #+XSLT:        the XSLT stylesheet used by DocBook exporter to gener
ate FO file[] 

@hbox(6.69167+2.43333)x433.62
.@glue(@leftskip) 28.90755
.@hbox(0.0+0.0)x0.0
.@texttt #
.@texttt +
.@texttt X
.etc.

[123] [124] [125] [126]
Overfull \hbox (111.77094pt too wide) in paragraph at lines 9668--9668
[][][]@smallrm Installation in-struc-tions can be found on the Math-Jax web-sit
e, see [][]@smalltt http://www.mathjax.org/resources/docs/?installation.html[][
][]@smallrm .| 

@hbox(9.34993+3.06255)x433.62, glue set - 1.0
.@hbox(0.0+0.0)x15.0
.@hbox(8.3344+0.0)x0.0, glue set - 9.1111fil
..@glue 0.0 plus 1.0fil minus 1.0fil
..@mathon
..@hbox(4.51111+0.0)x4.48613, shifted -3.82329
...@sevenrm 8
..@mathoff
..@kern 4.62497
.@vbox(9.34993+0.0)x0.0
.@smallrm I
.@smallrm n
.etc.

[127] [128] [129] [130]
Underfull \hbox (badness 2837) in paragraph at lines 9956--9958
[][][]@smallrm Into which the val-ues of @smalltt org-export-latex-default-pack
ages-alist[] @smallrm and @smalltt org-export-latex-

@hbox(9.34993+2.0)x433.62, glue set 3.05295
.@hbox(0.0+0.0)x15.0
.@hbox(8.3344+0.0)x0.0, glue set - 13.09723fil
..@glue 0.0 plus 1.0fil minus 1.0fil
..@mathon
..@hbox(4.51111+0.0)x8.47226, shifted -3.82329
...@sevenrm 1
...@sevenrm 4
..@mathoff
..@kern 4.62497
.@vbox(9.34993+0.0)x0.0
.@smallrm I
.@smallrm n
.etc.

[131] [132] [133]
Overfull \hbox (58.33217pt too wide) in paragraph at lines 10164--10164
 []@smalltt #+COLUMNS: %35ITEM %10BEAMER_env(Env) %10BEAMER_envargs(Args) %4BEA
MER_col(Col) %8BEAMER_extra(Ex)[] 

@hbox(6.25+2.0)x433.62
.@glue(@leftskip) 28.90755
.@hbox(0.0+0.0)x0.0
.@smalltt #
.@smalltt +
.@smalltt C
.etc.

[134] [135] [136]
Underfull \hbox (badness 2564) in paragraph at lines 10424--10433
[]@textrm Create your tasks as you usu-ally do with Org-mode. As-sign ef-forts 
to each

@hbox(7.60416+2.12917)x433.62, glue set 2.95
.@hbox(0.0+0.0)x15.0
.@kern -15.0
.@textrm C
.@textrm r
.@textrm e
.etc.


Underfull \hbox (badness 6001) in paragraph at lines 10424--10433
@textrm task us-ing prop-er-ties (it's eas-i-est to do this in the col-umn view
). You

@hbox(8.2125+2.73749)x433.62, glue set 3.91666
.@textrm t
.@textrm a
.@textrm s
.@textrm k
.@glue 3.65 plus 1.825 minus 1.21666
.etc.


Underfull \hbox (badness 7047) in paragraph at lines 10424--10433
@textrm should end up with some-thing sim-i-lar to the ex-am-ple by Pe-ter Jone
s in

@hbox(7.60416+2.12917)x433.62, glue set 4.13333
.@textrm s
.@textrm h
.@textrm o
.@textrm u
.@textrm l
.etc.


Overfull \hbox (173.03389pt too wide) in paragraph at lines 10424--10433
[][]@texttt http://www.contextualdevelopment.com/static/artifacts/articles/2008
/project-planning/project-planning.org[][][]@textrm .

@hbox(7.60416+2.43333)x433.62
.@pdfliteral{0.28 1 1 0.35 k}
.@pdflink(*+*)x* attr{/Border [0 0 0]} action user{/Subtype /Link /A << /S /URI
 /URI (http://www.contextualdevelopment.c@ETC.}

[137] [138]
Underfull \hbox (badness 10000) in paragraph at lines 10516--10518
[]@textrm For more in-for-ma-tion and ex-am-ples see the Org-taskjuggler tu-to-
rial at

@hbox(7.60416+2.12917)x433.62, glue set 4.86267
.@hbox(0.0+0.0)x15.0
.@textrm F
.@kern-0.91252
.@textrm o
.@textrm r
.etc.

[139] Chapter 13 [140] [141] [142] [143]
Underfull \hbox (badness 2119) in paragraph at lines 10902--10911
[]@textrm To cre-ate a link from one Org file to an-other, you would use some-t
hing like

@hbox(7.60416+2.12917)x433.62, glue set 2.76958
.@hbox(0.0+0.0)x15.0
.@kern -15.0
.@textrm T
.@kern-0.91252
.@textrm o
.etc.

[144] [145] [146] Chapter 14 [147] [148] [149] [150] [151] [152] [153] [154]
[155] [156] [157] [158] [159] [160] [161] [162] [163] [164] [165] [166]
Chapter 15 [167] [168] [169]
Overfull \hbox (21.01978pt too wide) in paragraph at lines 12764--12764
 []@texttt (setq org-confirm-babel-evaluate ^^Mmy-org-confirm-babel-evaluate)[]
 

@hbox(7.60416+2.43333)x433.62
.@glue(@leftskip) 86.72375
.@hbox(0.0+0.0)x0.0
.@texttt (
.@texttt s
.@texttt e
.etc.

[170] [171] [172] [173] [174] [175]
Underfull \hbox (badness 10000) in paragraph at lines 13256--13256
 @textbf Speed

@hbox(7.60416+2.12917)x43.36464
.@glue(@leftskip) 12.0
.@textbf S
.@textbf p
.@kern0.30417
.@textbf e
.etc.

[176]
Underfull \hbox (badness 5147) in paragraph at lines 13353--13360
 []@textrm Complex ASCII ta-bles with au-to-matic line wrap-ping, column- and

@hbox(7.60416+2.12917)x433.62, glue set 3.72205
.@glue(@leftskip) 57.81621
.@hbox(0.0+0.0)x0.0
.@textrm C
.@textrm o
.@textrm m
.etc.

[177]
Overfull \hbox (26.76846pt too wide) in paragraph at lines 13434--13434
 []            @texttt (define-key yas/keymap [tab] ^^Myas/next-field-group)))[
] 

@hbox(7.60416+2.43333)x433.62
.@glue(@leftskip) 86.72375
.@hbox(0.0+0.0)x0.0
.@penalty 10000
.@glue 5.74869
.@penalty 10000
.etc.

[178] Appendix A [179] [180] [181] [182] [183] [184]
Underfull \hbox (badness 5203) in paragraph at lines 13853--13861
 @textrm num-bers and for-mats, for ex-am-ple @texttt :efmt (2 "$%s\\times10^{%
s}$" 4

@hbox(7.60416+2.12917)x433.62, glue set 3.73413
.@glue(@leftskip) 57.81621
.@textrm n
.@kern-0.30418
.@textrm u
.@discretionary replacing 2
..@textrm m
..@textrm -
.etc.

[185] [186] [187] [188] [189] [190] [191] [192] Appendix B [193] [194]
Appendix C [195] [196]
Missing character: There is no Ã in font cmti10!
Missing character: There is no ¶ in font cmti10!
 [197] [198]
Underfull \hbox (badness 10000) in paragraph at lines 14796--14799
 []@textrm Linking to VM/BBDB/Gnus was first in-spired by @textit Tom Shan-non@
textrm 's

@hbox(8.2125+2.73749)x433.62, glue set 6.49681
.@glue(@leftskip) 21.68121
.@hbox(4.86667+0.0)x0.0, glue set - 12.70244fil
..@glue 0.0 plus 1.0fil minus 1.0fil
..@mathon
..@textsy ^^O
..@mathoff
..@kern 7.22743
.@textrm L
.@textrm i
.@textrm n
.etc.

(Concept index) [199] (./org.cps [200] [201] [202] [203] [204] [205])
(Key index) [206] (./org.kys [207] [208] [209] [210])
(Command and function index) [211] (./org.fns [212] [213]) (Variable index)
[214] (./org.vrs [215] [216]) [217] ) 
Here is how much of TeX's memory you used:
 3319 strings out of 97159
 46361 string characters out of 1208395
 134327 words of memory out of 1500000
 3906 multiletter control sequences out of 10000+50000
 32127 words of font info for 112 fonts, out of 1200000 for 2000
 51 hyphenation exceptions out of 8191
 16i,6n,17p,261b,1069s stack positions out of 5000i,500n,6000p,200000b,5000s
</usr/share/texmf-texlive/fonts/type1/blue
sky/cm/cmb10.pfb></usr/share/texmf-texlive/fonts/type1/bluesky/cm/cmbx12.pfb></
usr/share/texmf-texlive/fonts/type1/bluesky/cm/cmmi10.pfb></usr/share/texmf-tex
live/fonts/type1/bluesky/cm/cmmi12.pfb></usr/share/texmf-texlive/fonts/type1/bl
uesky/cm/cmmi9.pfb></usr/share/texmf-texlive/fonts/type1/bluesky/cm/cmr10.pfb><
/usr/share/texmf-texlive/fonts/type1/bluesky/cm/cmr7.pfb></usr/share/texmf-texl
ive/fonts/type1/bluesky/cm/cmr8.pfb></usr/share/texmf-texlive/fonts/type1/blues
ky/cm/cmr9.pfb></usr/share/texmf-texlive/fonts/type1/bluesky/cm/cmsl10.pfb></us
r/share/texmf-texlive/fonts/type1/bluesky/cm/cmsl9.pfb></usr/share/texmf-texliv
e/fonts/type1/bluesky/cm/cmsltt10.pfb></usr/share/texmf-texlive/fonts/type1/blu
esky/cm/cmsy10.pfb></usr/share/texmf-texlive/fonts/type1/bluesky/cm/cmti10.pfb>
</usr/share/texmf-texlive/fonts/type1/bluesky/cm/cmti9.pfb></usr/share/texmf-te
xlive/fonts/type1/bluesky/cm/cmtt10.pfb></usr/share/texmf-texlive/fonts/type1/b
luesky/cm/cmtt12.pfb></usr/share/texmf-texlive/fonts/type1/bluesky/cm/cmtt8.pfb
></usr/share/texmf-texlive/fonts/type1/bluesky/cm/cmtt9.pfb>
Output written on org.pdf (226 pages, 1418401 bytes).
PDF statistics:
 4752 PDF objects out of 5155 (max. 8388607)
 496 named destinations out of 1000 (max. 131072)
 2157 words of extra memory for PDF output out of 10000 (max. 10000000)

